<?xml version="1.0" encoding="UTF-8"?>
<!-- Generated by org.testng.reporters.JUnitReportReporter -->
<testsuite hostname="LAPTOP-DOBQB88H" failures="0" tests="1" name="TestingChartStagingAndProd" time="6.648" errors="0" timestamp="2023-02-19T15:32:16 ICT" skipped="0">
  <testcase classname="TestingChartStagingAndProd" name="TestingChart" time="6.648"/>
  <system-out/>
</testsuite> <!-- TestingChartStagingAndProd -->
